<?xml version="1.0" encoding="UTF-8"?>
<!-- Generated by org.testng.reporters.JUnitXMLReporter -->
<testsuite ignored="0" hostname="LTIN307779" failures="1" tests="1" name="Default test" time="23.408" errors="0" timestamp="2024-10-21T23:38:24 IST">
  <testcase classname="io.cucumber.testng.AbstractTestNGCucumberTests" name="runScenario" time="22.126">
    <failure type="java.lang.NullPointerException" message="Cannot invoke &amp;quot;org.apache.poi.xssf.usermodel.XSSFRow.createCell(int)&amp;quot; because &amp;quot;row&amp;quot; is null">
      <![CDATA[java.lang.NullPointerException: Cannot invoke "org.apache.poi.xssf.usermodel.XSSFRow.createCell(int)" because "row" is null
at utilities.ExcelUtility.setCellData(ExcelUtility.java:19)
at pageObjects.ReviewBookingPage.GrandTotal(ReviewBookingPage.java:23)
at stepDefinitions.TestDefenitions.capture_the_grand_toatl_amount_for_the_selected_flight(TestDefenitions.java:112)
at ✽.Capture the Grand toatl amount for the selected flight(file:///C:/Users/2271459/eclipse-workspace/CaseStudyGoIbiboTestCases/./Features/Goibiboflight.feature:16)
]]>
    </failure>
  </testcase> <!-- runScenario -->
</testsuite> <!-- Default test -->
