<?xml version="1.0" encoding="UTF-8"?>
<testng-results ignored="0" total="1" passed="1" failed="0" skipped="0">
  <reporter-output>
  </reporter-output>
  <suite started-at="2024-10-25T15:03:03 IST" name="Default suite" finished-at="2024-10-25T15:03:38 IST" duration-ms="34612">
    <groups>
      <group name="cucumber">
        <method signature="AbstractTestNGCucumberTests.runScenario(io.cucumber.testng.PickleWrapper,io.cucumber.testng.FeatureWrapper)[pri:0, instance:testRunners.RunTest@268f106e]" name="runScenario" class="io.cucumber.testng.AbstractTestNGCucumberTests"/>
      </group> <!-- cucumber -->
    </groups>
    <test started-at="2024-10-25T15:03:03 IST" name="Default test" finished-at="2024-10-25T15:03:38 IST" duration-ms="34612">
      <class name="testRunners.RunTest">
        <test-method is-config="true" signature="setUpClass(org.testng.ITestContext)[pri:0, instance:testRunners.RunTest@268f106e]" started-at="2024-10-25T15:03:03 IST" name="setUpClass" finished-at="2024-10-25T15:03:04 IST" duration-ms="1225" status="PASS">
          <params>
            <param index="0">
              <value>
                <![CDATA[org.testng.TestRunner@7a360554]]>
              </value>
            </param>
          </params>
          <reporter-output>
          </reporter-output>
        </test-method> <!-- setUpClass -->
        <test-method signature="runScenario(io.cucumber.testng.PickleWrapper,io.cucumber.testng.FeatureWrapper)[pri:0, instance:testRunners.RunTest@268f106e]" started-at="2024-10-25T15:03:04 IST" name="runScenario" description="Runs Cucumber Scenarios" data-provider="scenarios" finished-at="2024-10-25T15:03:38 IST" duration-ms="33281" status="PASS">
          <params>
            <param index="0">
              <value>
                <![CDATA["Checking The Flights Availability of the respective Cities"]]>
              </value>
            </param>
            <param index="1">
              <value>
                <![CDATA["Automating the Goibibo Flight Booking operation"]]>
              </value>
            </param>
          </params>
          <reporter-output>
          </reporter-output>
        </test-method> <!-- runScenario -->
        <test-method is-config="true" signature="tearDownClass()[pri:0, instance:testRunners.RunTest@268f106e]" started-at="2024-10-25T15:03:38 IST" name="tearDownClass" finished-at="2024-10-25T15:03:38 IST" duration-ms="26" status="PASS">
          <reporter-output>
          </reporter-output>
        </test-method> <!-- tearDownClass -->
      </class> <!-- testRunners.RunTest -->
    </test> <!-- Default test -->
  </suite> <!-- Default suite -->
</testng-results>
