<?xml version="1.0" encoding="UTF-8"?>
<testng-results ignored="0" total="1" passed="0" failed="1" skipped="0">
  <reporter-output>
  </reporter-output>
  <suite started-at="2024-10-21T23:38:01 IST" name="Default suite" finished-at="2024-10-21T23:38:24 IST" duration-ms="23408">
    <groups>
      <group name="cucumber">
        <method signature="AbstractTestNGCucumberTests.runScenario(io.cucumber.testng.PickleWrapper,io.cucumber.testng.FeatureWrapper)[pri:0, instance:testRunners.RunTest@268f106e]" name="runScenario" class="io.cucumber.testng.AbstractTestNGCucumberTests"/>
      </group> <!-- cucumber -->
    </groups>
    <test started-at="2024-10-21T23:38:01 IST" name="Default test" finished-at="2024-10-21T23:38:24 IST" duration-ms="23408">
      <class name="testRunners.RunTest">
        <test-method is-config="true" signature="setUpClass(org.testng.ITestContext)[pri:0, instance:testRunners.RunTest@268f106e]" started-at="2024-10-21T23:38:01 IST" name="setUpClass" finished-at="2024-10-21T23:38:02 IST" duration-ms="1159" status="PASS">
          <params>
            <param index="0">
              <value>
                <![CDATA[org.testng.TestRunner@36776c32]]>
              </value>
            </param>
          </params>
          <reporter-output>
          </reporter-output>
        </test-method> <!-- setUpClass -->
        <test-method signature="runScenario(io.cucumber.testng.PickleWrapper,io.cucumber.testng.FeatureWrapper)[pri:0, instance:testRunners.RunTest@268f106e]" started-at="2024-10-21T23:38:02 IST" name="runScenario" description="Runs Cucumber Scenarios" data-provider="scenarios" finished-at="2024-10-21T23:38:24 IST" duration-ms="22126" status="FAIL">
          <params>
            <param index="0">
              <value>
                <![CDATA["Checking The Flights Availability of the respective Cities"]]>
              </value>
            </param>
            <param index="1">
              <value>
                <![CDATA["Automating the Goibibo Flight Booking operation"]]>
              </value>
            </param>
          </params>
          <exception class="java.lang.NullPointerException">
            <message>
              <![CDATA[Cannot invoke "org.apache.poi.xssf.usermodel.XSSFRow.createCell(int)" because "row" is null]]>
            </message>
            <full-stacktrace>
              <![CDATA[java.lang.NullPointerException: Cannot invoke "org.apache.poi.xssf.usermodel.XSSFRow.createCell(int)" because "row" is null
at utilities.ExcelUtility.setCellData(ExcelUtility.java:19)
at pageObjects.ReviewBookingPage.GrandTotal(ReviewBookingPage.java:23)
at stepDefinitions.TestDefenitions.capture_the_grand_toatl_amount_for_the_selected_flight(TestDefenitions.java:112)
at ✽.Capture the Grand toatl amount for the selected flight(file:///C:/Users/2271459/eclipse-workspace/CaseStudyGoIbiboTestCases/./Features/Goibiboflight.feature:16)
]]>
            </full-stacktrace>
          </exception> <!-- java.lang.NullPointerException -->
          <reporter-output>
          </reporter-output>
        </test-method> <!-- runScenario -->
        <test-method is-config="true" signature="tearDownClass()[pri:0, instance:testRunners.RunTest@268f106e]" started-at="2024-10-21T23:38:24 IST" name="tearDownClass" finished-at="2024-10-21T23:38:24 IST" duration-ms="23" status="PASS">
          <reporter-output>
          </reporter-output>
        </test-method> <!-- tearDownClass -->
      </class> <!-- testRunners.RunTest -->
    </test> <!-- Default test -->
  </suite> <!-- Default suite -->
</testng-results>
