<?xml version="1.0" encoding="UTF-8"?>
<!-- Generated by org.testng.reporters.JUnitReportReporter -->
<testsuite hostname="LTIN307779" failures="0" tests="1" name="testRunners.RunTest" time="22.126" errors="1" timestamp="2024-10-21T23:38:25 IST" skipped="0">
  <testcase classname="testRunners.RunTest" name="runScenario" time="22.126">
    <error message="Cannot invoke &quot;org.apache.poi.xssf.usermodel.XSSFRow.createCell(int)&quot; because &quot;row&quot; is null" type="java.lang.NullPointerException">
      <![CDATA[java.lang.NullPointerException: Cannot invoke "org.apache.poi.xssf.usermodel.XSSFRow.createCell(int)" because "row" is null
at utilities.ExcelUtility.setCellData(ExcelUtility.java:19)
at pageObjects.ReviewBookingPage.GrandTotal(ReviewBookingPage.java:23)
at stepDefinitions.TestDefenitions.capture_the_grand_toatl_amount_for_the_selected_flight(TestDefenitions.java:112)
at ✽.Capture the Grand toatl amount for the selected flight(file:///C:/Users/2271459/eclipse-workspace/CaseStudyGoIbiboTestCases/./Features/Goibiboflight.feature:16)
]]>
    </error>
  </testcase> <!-- runScenario -->
</testsuite> <!-- testRunners.RunTest -->
